[0.023s] Invoking command in '/home/tayya/robot_ws/build/my_robot_description': CMAKE_PREFIX_PATH=${CMAKE_PREFIX_PATH}:/opt/ros/humble /usr/bin/cmake --build /home/tayya/robot_ws/build/my_robot_description -- -j8 -l8
[0.101s] Invoked command in '/home/tayya/robot_ws/build/my_robot_description' returned '0': CMAKE_PREFIX_PATH=${CMAKE_PREFIX_PATH}:/opt/ros/humble /usr/bin/cmake --build /home/tayya/robot_ws/build/my_robot_description -- -j8 -l8
[0.167s] Invoking command in '/home/tayya/robot_ws/build/my_robot_description': CMAKE_PREFIX_PATH=${CMAKE_PREFIX_PATH}:/opt/ros/humble /usr/bin/cmake --install /home/tayya/robot_ws/build/my_robot_description
[0.182s] -- Install configuration: ""
[0.182s] -- Up-to-date: /home/tayya/robot_ws/install/my_robot_description/share/my_robot_description//urdf
[0.183s] -- Installing: /home/tayya/robot_ws/install/my_robot_description/share/my_robot_description//urdf/my_robot.urdf.xacro
[0.183s] -- Up-to-date: /home/tayya/robot_ws/install/my_robot_description/share/my_robot_description//urdf/common_properties.xacro
[0.183s] -- Up-to-date: /home/tayya/robot_ws/install/my_robot_description/share/my_robot_description//urdf/mobile_base.xacro
[0.183s] -- Up-to-date: /home/tayya/robot_ws/install/my_robot_description/share/my_robot_description//launch
[0.184s] -- Up-to-date: /home/tayya/robot_ws/install/my_robot_description/share/my_robot_description//launch/display.launch.py
[0.184s] -- Up-to-date: /home/tayya/robot_ws/install/my_robot_description/share/my_robot_description//launch/display.launch.xml
[0.184s] -- Up-to-date: /home/tayya/robot_ws/install/my_robot_description/share/my_robot_description//rviz
[0.185s] -- Up-to-date: /home/tayya/robot_ws/install/my_robot_description/share/my_robot_description//rviz/my_robot_conf.rviz
[0.185s] -- Up-to-date: /home/tayya/robot_ws/install/my_robot_description/share/ament_index/resource_index/package_run_dependencies/my_robot_description
[0.186s] -- Up-to-date: /home/tayya/robot_ws/install/my_robot_description/share/ament_index/resource_index/parent_prefix_path/my_robot_description
[0.186s] -- Up-to-date: /home/tayya/robot_ws/install/my_robot_description/share/my_robot_description/environment/ament_prefix_path.sh
[0.186s] -- Up-to-date: /home/tayya/robot_ws/install/my_robot_description/share/my_robot_description/environment/ament_prefix_path.dsv
[0.187s] -- Up-to-date: /home/tayya/robot_ws/install/my_robot_description/share/my_robot_description/environment/path.sh
[0.187s] -- Up-to-date: /home/tayya/robot_ws/install/my_robot_description/share/my_robot_description/environment/path.dsv
[0.187s] -- Up-to-date: /home/tayya/robot_ws/install/my_robot_description/share/my_robot_description/local_setup.bash
[0.188s] -- Up-to-date: /home/tayya/robot_ws/install/my_robot_description/share/my_robot_description/local_setup.sh
[0.188s] -- Up-to-date: /home/tayya/robot_ws/install/my_robot_description/share/my_robot_description/local_setup.zsh
[0.188s] -- Up-to-date: /home/tayya/robot_ws/install/my_robot_description/share/my_robot_description/local_setup.dsv
[0.188s] -- Installing: /home/tayya/robot_ws/install/my_robot_description/share/my_robot_description/package.dsv
[0.189s] -- Up-to-date: /home/tayya/robot_ws/install/my_robot_description/share/ament_index/resource_index/packages/my_robot_description
[0.190s] -- Up-to-date: /home/tayya/robot_ws/install/my_robot_description/share/my_robot_description/cmake/my_robot_descriptionConfig.cmake
[0.191s] -- Up-to-date: /home/tayya/robot_ws/install/my_robot_description/share/my_robot_description/cmake/my_robot_descriptionConfig-version.cmake
[0.192s] -- Up-to-date: /home/tayya/robot_ws/install/my_robot_description/share/my_robot_description/package.xml
[0.193s] Invoked command in '/home/tayya/robot_ws/build/my_robot_description' returned '0': CMAKE_PREFIX_PATH=${CMAKE_PREFIX_PATH}:/opt/ros/humble /usr/bin/cmake --install /home/tayya/robot_ws/build/my_robot_description
