[0.030s] Invoking command in '/home/tayya/robot_ws/build/my_robot_description': CMAKE_PREFIX_PATH=${CMAKE_PREFIX_PATH}:/opt/ros/humble /usr/bin/cmake --build /home/tayya/robot_ws/build/my_robot_description -- -j8 -l8
[0.108s] Invoked command in '/home/tayya/robot_ws/build/my_robot_description' returned '0': CMAKE_PREFIX_PATH=${CMAKE_PREFIX_PATH}:/opt/ros/humble /usr/bin/cmake --build /home/tayya/robot_ws/build/my_robot_description -- -j8 -l8
[0.178s] Invoking command in '/home/tayya/robot_ws/build/my_robot_description': CMAKE_PREFIX_PATH=${CMAKE_PREFIX_PATH}:/opt/ros/humble /usr/bin/cmake --install /home/tayya/robot_ws/build/my_robot_description
[0.195s] -- Install configuration: ""
[0.195s] -- Up-to-date: /home/tayya/robot_ws/install/my_robot_description/share/my_robot_description//urdf
[0.196s] -- Up-to-date: /home/tayya/robot_ws/install/my_robot_description/share/my_robot_description//urdf/my_robot.urdf.xacro
[0.196s] -- Installing: /home/tayya/robot_ws/install/my_robot_description/share/my_robot_description//urdf/mobile_base_gazebo.xacro
[0.196s] -- Up-to-date: /home/tayya/robot_ws/install/my_robot_description/share/my_robot_description//urdf/common_properties.xacro
[0.197s] -- Up-to-date: /home/tayya/robot_ws/install/my_robot_description/share/my_robot_description//urdf/mobile_base.xacro
[0.197s] -- Up-to-date: /home/tayya/robot_ws/install/my_robot_description/share/my_robot_description//launch
[0.197s] -- Up-to-date: /home/tayya/robot_ws/install/my_robot_description/share/my_robot_description//launch/display.launch.py
[0.198s] -- Up-to-date: /home/tayya/robot_ws/install/my_robot_description/share/my_robot_description//launch/display.launch.xml
[0.198s] -- Up-to-date: /home/tayya/robot_ws/install/my_robot_description/share/my_robot_description//rviz
[0.199s] -- Up-to-date: /home/tayya/robot_ws/install/my_robot_description/share/my_robot_description//rviz/my_robot_conf.rviz
[0.199s] -- Up-to-date: /home/tayya/robot_ws/install/my_robot_description/share/ament_index/resource_index/package_run_dependencies/my_robot_description
[0.199s] -- Up-to-date: /home/tayya/robot_ws/install/my_robot_description/share/ament_index/resource_index/parent_prefix_path/my_robot_description
[0.200s] -- Up-to-date: /home/tayya/robot_ws/install/my_robot_description/share/my_robot_description/environment/ament_prefix_path.sh
[0.200s] -- Up-to-date: /home/tayya/robot_ws/install/my_robot_description/share/my_robot_description/environment/ament_prefix_path.dsv
[0.200s] -- Up-to-date: /home/tayya/robot_ws/install/my_robot_description/share/my_robot_description/environment/path.sh
[0.200s] -- Up-to-date: /home/tayya/robot_ws/install/my_robot_description/share/my_robot_description/environment/path.dsv
[0.200s] -- Up-to-date: /home/tayya/robot_ws/install/my_robot_description/share/my_robot_description/local_setup.bash
[0.201s] -- Up-to-date: /home/tayya/robot_ws/install/my_robot_description/share/my_robot_description/local_setup.sh
[0.201s] -- Up-to-date: /home/tayya/robot_ws/install/my_robot_description/share/my_robot_description/local_setup.zsh
[0.201s] -- Up-to-date: /home/tayya/robot_ws/install/my_robot_description/share/my_robot_description/local_setup.dsv
[0.201s] -- Installing: /home/tayya/robot_ws/install/my_robot_description/share/my_robot_description/package.dsv
[0.201s] -- Up-to-date: /home/tayya/robot_ws/install/my_robot_description/share/ament_index/resource_index/packages/my_robot_description
[0.202s] -- Up-to-date: /home/tayya/robot_ws/install/my_robot_description/share/my_robot_description/cmake/my_robot_descriptionConfig.cmake
[0.202s] -- Up-to-date: /home/tayya/robot_ws/install/my_robot_description/share/my_robot_description/cmake/my_robot_descriptionConfig-version.cmake
[0.202s] -- Up-to-date: /home/tayya/robot_ws/install/my_robot_description/share/my_robot_description/package.xml
[0.204s] Invoked command in '/home/tayya/robot_ws/build/my_robot_description' returned '0': CMAKE_PREFIX_PATH=${CMAKE_PREFIX_PATH}:/opt/ros/humble /usr/bin/cmake --install /home/tayya/robot_ws/build/my_robot_description
