[0.027s] Invoking command in '/home/tayya/robot_ws/build/my_robot_description': CMAKE_PREFIX_PATH=${CMAKE_PREFIX_PATH}:/opt/ros/humble /usr/bin/cmake --build /home/tayya/robot_ws/build/my_robot_description -- -j8 -l8
[0.114s] Invoked command in '/home/tayya/robot_ws/build/my_robot_description' returned '0': CMAKE_PREFIX_PATH=${CMAKE_PREFIX_PATH}:/opt/ros/humble /usr/bin/cmake --build /home/tayya/robot_ws/build/my_robot_description -- -j8 -l8
[0.184s] Invoking command in '/home/tayya/robot_ws/build/my_robot_description': CMAKE_PREFIX_PATH=${CMAKE_PREFIX_PATH}:/opt/ros/humble /usr/bin/cmake --install /home/tayya/robot_ws/build/my_robot_description
[0.200s] -- Install configuration: ""
[0.200s] -- Up-to-date: /home/tayya/robot_ws/install/my_robot_description/share/my_robot_description//urdf
[0.201s] -- Up-to-date: /home/tayya/robot_ws/install/my_robot_description/share/my_robot_description//urdf/my_robot.urdf.xacro
[0.201s] -- Installing: /home/tayya/robot_ws/install/my_robot_description/share/my_robot_description//urdf/common_properties.xacro
[0.202s] -- Up-to-date: /home/tayya/robot_ws/install/my_robot_description/share/my_robot_description//urdf/mobile_base.xacro
[0.202s] -- Up-to-date: /home/tayya/robot_ws/install/my_robot_description/share/my_robot_description//launch
[0.202s] -- Up-to-date: /home/tayya/robot_ws/install/my_robot_description/share/my_robot_description//launch/display.launch.py
[0.202s] -- Up-to-date: /home/tayya/robot_ws/install/my_robot_description/share/my_robot_description//launch/display.launch.xml
[0.203s] -- Up-to-date: /home/tayya/robot_ws/install/my_robot_description/share/my_robot_description//rviz
[0.203s] -- Up-to-date: /home/tayya/robot_ws/install/my_robot_description/share/my_robot_description//rviz/my_robot_conf.rviz
[0.203s] -- Up-to-date: /home/tayya/robot_ws/install/my_robot_description/share/ament_index/resource_index/package_run_dependencies/my_robot_description
[0.203s] -- Up-to-date: /home/tayya/robot_ws/install/my_robot_description/share/ament_index/resource_index/parent_prefix_path/my_robot_description
[0.204s] -- Up-to-date: /home/tayya/robot_ws/install/my_robot_description/share/my_robot_description/environment/ament_prefix_path.sh
[0.204s] -- Up-to-date: /home/tayya/robot_ws/install/my_robot_description/share/my_robot_description/environment/ament_prefix_path.dsv
[0.204s] -- Up-to-date: /home/tayya/robot_ws/install/my_robot_description/share/my_robot_description/environment/path.sh
[0.205s] -- Up-to-date: /home/tayya/robot_ws/install/my_robot_description/share/my_robot_description/environment/path.dsv
[0.205s] -- Up-to-date: /home/tayya/robot_ws/install/my_robot_description/share/my_robot_description/local_setup.bash
[0.205s] -- Up-to-date: /home/tayya/robot_ws/install/my_robot_description/share/my_robot_description/local_setup.sh
[0.206s] -- Up-to-date: /home/tayya/robot_ws/install/my_robot_description/share/my_robot_description/local_setup.zsh
[0.206s] -- Up-to-date: /home/tayya/robot_ws/install/my_robot_description/share/my_robot_description/local_setup.dsv
[0.207s] -- Installing: /home/tayya/robot_ws/install/my_robot_description/share/my_robot_description/package.dsv
[0.208s] -- Up-to-date: /home/tayya/robot_ws/install/my_robot_description/share/ament_index/resource_index/packages/my_robot_description
[0.209s] -- Up-to-date: /home/tayya/robot_ws/install/my_robot_description/share/my_robot_description/cmake/my_robot_descriptionConfig.cmake
[0.209s] -- Up-to-date: /home/tayya/robot_ws/install/my_robot_description/share/my_robot_description/cmake/my_robot_descriptionConfig-version.cmake
[0.210s] -- Up-to-date: /home/tayya/robot_ws/install/my_robot_description/share/my_robot_description/package.xml
[0.210s] Invoked command in '/home/tayya/robot_ws/build/my_robot_description' returned '0': CMAKE_PREFIX_PATH=${CMAKE_PREFIX_PATH}:/opt/ros/humble /usr/bin/cmake --install /home/tayya/robot_ws/build/my_robot_description
