[0.030s] Invoking command in '/home/tayya/robot_ws/build/my_robot_description': CMAKE_PREFIX_PATH=${CMAKE_PREFIX_PATH}:/opt/ros/humble /usr/bin/cmake --build /home/tayya/robot_ws/build/my_robot_description -- -j8 -l8
[0.080s] -- Found ament_cmake: 1.3.10 (/opt/ros/humble/share/ament_cmake/cmake)
[0.667s] -- Configuring done
[0.674s] -- Generating done
[0.676s] -- Build files have been written to: /home/tayya/robot_ws/build/my_robot_description
[0.723s] Invoked command in '/home/tayya/robot_ws/build/my_robot_description' returned '0': CMAKE_PREFIX_PATH=${CMAKE_PREFIX_PATH}:/opt/ros/humble /usr/bin/cmake --build /home/tayya/robot_ws/build/my_robot_description -- -j8 -l8
[0.793s] Invoking command in '/home/tayya/robot_ws/build/my_robot_description': CMAKE_PREFIX_PATH=${CMAKE_PREFIX_PATH}:/opt/ros/humble /usr/bin/cmake --install /home/tayya/robot_ws/build/my_robot_description
[0.811s] -- Install configuration: ""
[0.811s] -- Up-to-date: /home/tayya/robot_ws/install/my_robot_description/share/my_robot_description//urdf
[0.812s] -- Up-to-date: /home/tayya/robot_ws/install/my_robot_description/share/my_robot_description//urdf/my_robot.urdf
[0.812s] -- Up-to-date: /home/tayya/robot_ws/install/my_robot_description/share/my_robot_description//launch
[0.813s] -- Up-to-date: /home/tayya/robot_ws/install/my_robot_description/share/my_robot_description//launch/display.launch.py
[0.813s] -- Installing: /home/tayya/robot_ws/install/my_robot_description/share/my_robot_description//launch/display.launch.xml
[0.814s] -- Installing: /home/tayya/robot_ws/install/my_robot_description/share/my_robot_description//rviz
[0.814s] -- Installing: /home/tayya/robot_ws/install/my_robot_description/share/my_robot_description//rviz/my_robot_conf.rviz
[0.814s] -- Up-to-date: /home/tayya/robot_ws/install/my_robot_description/share/ament_index/resource_index/package_run_dependencies/my_robot_description
[0.814s] -- Installing: /home/tayya/robot_ws/install/my_robot_description/share/ament_index/resource_index/parent_prefix_path/my_robot_description
[0.815s] -- Up-to-date: /home/tayya/robot_ws/install/my_robot_description/share/my_robot_description/environment/ament_prefix_path.sh
[0.815s] -- Installing: /home/tayya/robot_ws/install/my_robot_description/share/my_robot_description/environment/ament_prefix_path.dsv
[0.815s] -- Up-to-date: /home/tayya/robot_ws/install/my_robot_description/share/my_robot_description/environment/path.sh
[0.816s] -- Installing: /home/tayya/robot_ws/install/my_robot_description/share/my_robot_description/environment/path.dsv
[0.816s] -- Up-to-date: /home/tayya/robot_ws/install/my_robot_description/share/my_robot_description/local_setup.bash
[0.816s] -- Up-to-date: /home/tayya/robot_ws/install/my_robot_description/share/my_robot_description/local_setup.sh
[0.817s] -- Up-to-date: /home/tayya/robot_ws/install/my_robot_description/share/my_robot_description/local_setup.zsh
[0.817s] -- Installing: /home/tayya/robot_ws/install/my_robot_description/share/my_robot_description/local_setup.dsv
[0.817s] -- Installing: /home/tayya/robot_ws/install/my_robot_description/share/my_robot_description/package.dsv
[0.817s] -- Up-to-date: /home/tayya/robot_ws/install/my_robot_description/share/ament_index/resource_index/packages/my_robot_description
[0.818s] -- Up-to-date: /home/tayya/robot_ws/install/my_robot_description/share/my_robot_description/cmake/my_robot_descriptionConfig.cmake
[0.818s] -- Up-to-date: /home/tayya/robot_ws/install/my_robot_description/share/my_robot_description/cmake/my_robot_descriptionConfig-version.cmake
[0.818s] -- Up-to-date: /home/tayya/robot_ws/install/my_robot_description/share/my_robot_description/package.xml
[0.821s] Invoked command in '/home/tayya/robot_ws/build/my_robot_description' returned '0': CMAKE_PREFIX_PATH=${CMAKE_PREFIX_PATH}:/opt/ros/humble /usr/bin/cmake --install /home/tayya/robot_ws/build/my_robot_description
