[0.024s] Invoking command in '/home/tayya/robot_ws/build/my_robot_description': CMAKE_PREFIX_PATH=${CMAKE_PREFIX_PATH}:/opt/ros/humble /usr/bin/cmake --build /home/tayya/robot_ws/build/my_robot_description -- -j8 -l8
[0.099s] Invoked command in '/home/tayya/robot_ws/build/my_robot_description' returned '0': CMAKE_PREFIX_PATH=${CMAKE_PREFIX_PATH}:/opt/ros/humble /usr/bin/cmake --build /home/tayya/robot_ws/build/my_robot_description -- -j8 -l8
[0.165s] Invoking command in '/home/tayya/robot_ws/build/my_robot_description': CMAKE_PREFIX_PATH=${CMAKE_PREFIX_PATH}:/opt/ros/humble /usr/bin/cmake --install /home/tayya/robot_ws/build/my_robot_description
[0.180s] -- Install configuration: ""
[0.181s] -- Up-to-date: /home/tayya/robot_ws/install/my_robot_description/share/my_robot_description//urdf
[0.181s] -- Installing: /home/tayya/robot_ws/install/my_robot_description/share/my_robot_description//urdf/camera.xacro
[0.181s] -- Up-to-date: /home/tayya/robot_ws/install/my_robot_description/share/my_robot_description//urdf/my_robot.urdf.xacro
[0.181s] -- Up-to-date: /home/tayya/robot_ws/install/my_robot_description/share/my_robot_description//urdf/mobile_base_gazebo.xacro
[0.182s] -- Up-to-date: /home/tayya/robot_ws/install/my_robot_description/share/my_robot_description//urdf/common_properties.xacro
[0.182s] -- Up-to-date: /home/tayya/robot_ws/install/my_robot_description/share/my_robot_description//urdf/mobile_base.xacro
[0.182s] -- Up-to-date: /home/tayya/robot_ws/install/my_robot_description/share/my_robot_description//launch
[0.183s] -- Up-to-date: /home/tayya/robot_ws/install/my_robot_description/share/my_robot_description//launch/display.launch.py
[0.183s] -- Up-to-date: /home/tayya/robot_ws/install/my_robot_description/share/my_robot_description//launch/display.launch.xml
[0.183s] -- Up-to-date: /home/tayya/robot_ws/install/my_robot_description/share/my_robot_description//rviz
[0.183s] -- Up-to-date: /home/tayya/robot_ws/install/my_robot_description/share/my_robot_description//rviz/my_robot_conf.rviz
[0.183s] -- Up-to-date: /home/tayya/robot_ws/install/my_robot_description/share/ament_index/resource_index/package_run_dependencies/my_robot_description
[0.184s] -- Up-to-date: /home/tayya/robot_ws/install/my_robot_description/share/ament_index/resource_index/parent_prefix_path/my_robot_description
[0.184s] -- Up-to-date: /home/tayya/robot_ws/install/my_robot_description/share/my_robot_description/environment/ament_prefix_path.sh
[0.184s] -- Up-to-date: /home/tayya/robot_ws/install/my_robot_description/share/my_robot_description/environment/ament_prefix_path.dsv
[0.184s] -- Up-to-date: /home/tayya/robot_ws/install/my_robot_description/share/my_robot_description/environment/path.sh
[0.184s] -- Up-to-date: /home/tayya/robot_ws/install/my_robot_description/share/my_robot_description/environment/path.dsv
[0.184s] -- Up-to-date: /home/tayya/robot_ws/install/my_robot_description/share/my_robot_description/local_setup.bash
[0.184s] -- Up-to-date: /home/tayya/robot_ws/install/my_robot_description/share/my_robot_description/local_setup.sh
[0.185s] -- Up-to-date: /home/tayya/robot_ws/install/my_robot_description/share/my_robot_description/local_setup.zsh
[0.185s] -- Up-to-date: /home/tayya/robot_ws/install/my_robot_description/share/my_robot_description/local_setup.dsv
[0.185s] -- Installing: /home/tayya/robot_ws/install/my_robot_description/share/my_robot_description/package.dsv
[0.185s] -- Up-to-date: /home/tayya/robot_ws/install/my_robot_description/share/ament_index/resource_index/packages/my_robot_description
[0.185s] -- Up-to-date: /home/tayya/robot_ws/install/my_robot_description/share/my_robot_description/cmake/my_robot_descriptionConfig.cmake
[0.185s] -- Up-to-date: /home/tayya/robot_ws/install/my_robot_description/share/my_robot_description/cmake/my_robot_descriptionConfig-version.cmake
[0.186s] -- Up-to-date: /home/tayya/robot_ws/install/my_robot_description/share/my_robot_description/package.xml
[0.188s] Invoked command in '/home/tayya/robot_ws/build/my_robot_description' returned '0': CMAKE_PREFIX_PATH=${CMAKE_PREFIX_PATH}:/opt/ros/humble /usr/bin/cmake --install /home/tayya/robot_ws/build/my_robot_description
