[0.038s] Invoking command in '/home/tayya/robot_ws/build/my_robot_description': CMAKE_PREFIX_PATH=/opt/ros/humble /usr/bin/cmake /home/tayya/robot_ws/src/my_robot_description -DCMAKE_INSTALL_PREFIX=/home/tayya/robot_ws/install/my_robot_description
[0.208s] -- The C compiler identification is GNU 11.4.0
[0.375s] -- The CXX compiler identification is GNU 11.4.0
[0.400s] -- Detecting C compiler ABI info
[0.563s] -- Detecting C compiler ABI info - done
[0.595s] -- Check for working C compiler: /usr/bin/cc - skipped
[0.606s] -- Detecting C compile features
[0.607s] -- Detecting C compile features - done
[0.616s] -- Detecting CXX compiler ABI info
[0.810s] -- Detecting CXX compiler ABI info - done
[0.830s] -- Check for working CXX compiler: /usr/bin/c++ - skipped
[0.830s] -- Detecting CXX compile features
[0.832s] -- Detecting CXX compile features - done
[0.850s] -- Found ament_cmake: 1.3.10 (/opt/ros/humble/share/ament_cmake/cmake)
[1.246s] -- Found Python3: /usr/bin/python3 (found version "3.10.12") found components: Interpreter 
[1.666s] -- Configuring done
[1.672s] -- Generating done
[1.673s] -- Build files have been written to: /home/tayya/robot_ws/build/my_robot_description
[1.682s] Invoked command in '/home/tayya/robot_ws/build/my_robot_description' returned '0': CMAKE_PREFIX_PATH=/opt/ros/humble /usr/bin/cmake /home/tayya/robot_ws/src/my_robot_description -DCMAKE_INSTALL_PREFIX=/home/tayya/robot_ws/install/my_robot_description
[1.686s] Invoking command in '/home/tayya/robot_ws/build/my_robot_description': CMAKE_PREFIX_PATH=/opt/ros/humble /usr/bin/cmake --build /home/tayya/robot_ws/build/my_robot_description -- -j8 -l8
[1.770s] Invoked command in '/home/tayya/robot_ws/build/my_robot_description' returned '0': CMAKE_PREFIX_PATH=/opt/ros/humble /usr/bin/cmake --build /home/tayya/robot_ws/build/my_robot_description -- -j8 -l8
[1.837s] Invoking command in '/home/tayya/robot_ws/build/my_robot_description': CMAKE_PREFIX_PATH=/opt/ros/humble /usr/bin/cmake --install /home/tayya/robot_ws/build/my_robot_description
[1.855s] -- Install configuration: ""
[1.856s] -- Installing: /home/tayya/robot_ws/install/my_robot_description/share/my_robot_description//urdf
[1.856s] -- Installing: /home/tayya/robot_ws/install/my_robot_description/share/my_robot_description//urdf/my_robot.urdf
[1.857s] -- Installing: /home/tayya/robot_ws/install/my_robot_description/share/ament_index/resource_index/package_run_dependencies/my_robot_description
[1.858s] -- Installing: /home/tayya/robot_ws/install/my_robot_description/share/ament_index/resource_index/parent_prefix_path/my_robot_description
[1.858s] -- Installing: /home/tayya/robot_ws/install/my_robot_description/share/my_robot_description/environment/ament_prefix_path.sh
[1.859s] -- Installing: /home/tayya/robot_ws/install/my_robot_description/share/my_robot_description/environment/ament_prefix_path.dsv
[1.859s] -- Installing: /home/tayya/robot_ws/install/my_robot_description/share/my_robot_description/environment/path.sh
[1.860s] -- Installing: /home/tayya/robot_ws/install/my_robot_description/share/my_robot_description/environment/path.dsv
[1.860s] -- Installing: /home/tayya/robot_ws/install/my_robot_description/share/my_robot_description/local_setup.bash
[1.861s] -- Installing: /home/tayya/robot_ws/install/my_robot_description/share/my_robot_description/local_setup.sh
[1.861s] -- Installing: /home/tayya/robot_ws/install/my_robot_description/share/my_robot_description/local_setup.zsh
[1.862s] -- Installing: /home/tayya/robot_ws/install/my_robot_description/share/my_robot_description/local_setup.dsv
[1.862s] -- Installing: /home/tayya/robot_ws/install/my_robot_description/share/my_robot_description/package.dsv
[1.863s] -- Installing: /home/tayya/robot_ws/install/my_robot_description/share/ament_index/resource_index/packages/my_robot_description
[1.863s] -- Installing: /home/tayya/robot_ws/install/my_robot_description/share/my_robot_description/cmake/my_robot_descriptionConfig.cmake
[1.864s] -- Installing: /home/tayya/robot_ws/install/my_robot_description/share/my_robot_description/cmake/my_robot_descriptionConfig-version.cmake
[1.864s] -- Installing: /home/tayya/robot_ws/install/my_robot_description/share/my_robot_description/package.xml
[1.870s] Invoked command in '/home/tayya/robot_ws/build/my_robot_description' returned '0': CMAKE_PREFIX_PATH=/opt/ros/humble /usr/bin/cmake --install /home/tayya/robot_ws/build/my_robot_description
